0000000000000000
00000000000000000000000000000000
0000000000000000
00000000000000000000000000000000
0000000000000000
0000000000000000
0000000000000000
0000000000110000
0000000000000000000000000000000000000000000000000000000000000000
0000000000000000
0000000000000000
0000000000000000000000000000000000000000101100100010100001001110
0000000000000000
1100111111101110
0101110000101110
0010111000010011
0000000000000000
0001110110110010
0010111000010011
00000000000000000000000011101011
0000000000000000
00000000000000000000000000000000
00000000000000001001000010010011
1111111111001101
1100111111101110
1101010101111010
0101111010110100
0101101110100111
1001100111000111
00000000
00000000000000000000000011111111
0000000000000000000000000000000000000000000000000000000000000000
00000000000000000000000000000000
00000000000000001001000010010011
0000000000000000000000000000000000000000000000000000000000000000
0000000000000000000000000000000000000000000000000000000000000000
0000000000000000000000000000000000000000000000000000000000000000
00000000000000000000000000000000
11010110010110101001110000001110
00000000001010111101100100111010
00000000001010111101100100111010
0001110110110010
00000000000000001101010111110010
0000000000000000
00000000000000000000000000000000
0010100100111101
0000000010001011
0000000000000000000000000000000000000000000000000000000000000000
0000000011101111
1001100111000111
00000000000000000100110001010111
00110101000010010100001111001110
00000000000000000000000000000000
0000000000000000000000000000000000000000101100100010100001001110
0000000000000000000000000000000000000000000000000000000000000000
0000000000000000000000000000000000011000111111110111110000101000
1110101100110101
0000000000000000000000000000000000000000000000000000000000000000
0000000000000000000000000000000000000000100110000000001000101011
1001100111000111
0000000000000000
00000000100010010000110101010100
1010111101010010
0000000000000000000000000000000000000000000000000000000000000000
0000000000000000000000000000000000000000000000000000000000000000
1001100111000111
00000000000000000100110001010111
0000000000000000000000000000000000000000000000000000000000000000
0000000000000000000000000000000000000000000000000000000000000000
1110101100110101
0000000011100101
0101101110100111
0000000000000000000000000000000000000000100110000000001000101011
0000000000000000000000000000000000000000000000000000000000000000
00000000000000001000110111100011
00110101000010010100001111001110
0000000000000000000000000000000000000000000000000000000000000000
0000000000000000
0000000011100101
00000000000000000000000000000000
1110101100110101
00000000000101011001111110100010
00000000000000000000000000000000
0101101011111010
0000000000000000
0000000000000000000000000000000000000000000000001011111101001000
00000000000000000100110001010111
1110111011110011
0000000000000000000000000000000000000000000000000000000011110101
0000000000000000000000000000000000000000000000000000000001000111
0000000000000000000000000000000000000000000000000000000001001001
00000000100000101101010001010010
00000000101001010101000000111000
0000000000000000000000000000000000000000000000000000000011110001
01111010111101111010111000011011
1110110010111010
0110010011011000
0101111110011111
0000000000000000000000000000000000000000000000000000000011110001
0000000000000000000000000000000000000000000000000000000001000111
0110010011011000
0000000000000000000000000000000000000000000000000000000011110001
1110110010111010
0101111110011111
