0000000000000000000000000000000000000000000000000000000000000000
0000000000000000000000000000000000000000000000000000000000000000
0000000000000000000000000000000000000000000000000000000000000000
0000000000000000000000000000000000000000000000000000000000000000
00000000
11100111
00000000000000000000000000000000
00000000000000000000000000000000
00000000000000000000000000000000
1001101001010101011100100011010011110000000100001000000100000000
0000000000000000000000000000000000000000000000000000000000000000
0000000000000000000000000000000011101000011001011100111110111000
1111010111000001100011010110001000000001010011010100011110010101
11111111111111111111111111111111
01000011011110001101010011111010
01010100111001010011111001101100
11100111
0001000010101111100100000111010111110100101100000011010111000000
0000000000000000000000000000000010001011000110101100000110010000
0000000000000000000000000000000010101111011111101110010110111011
0000000000000000000000000000000000000000000000000000000001011010
11111111111111111111111111111111
1111111111111111111111111111111101000000000000000001000001000100
01100110
0000000000000000000000000000000010001011000110101100000110010000
0000000000000000000000000000000010010110111011010100101000011000
1111111111111111111111111111111101101001000100101011011001011000
1111111111111111111111111111111101101001000100101011011001011000
11111111111111110111110101011111
0000000000000000000000000000000010010110111011010100101000011000
10110110001110110011110000010110
1111111111111111111111111111111101000000000000000001000001000100
00000000000000000000000011010000
01110111
1111111111111111111111111111111101100011110101001100001010101111
1000000110100010110110111010110110011000001001010000000000011001
